#
# There is insufficient memory for the Java Runtime Environment to continue.
# Native memory allocation (malloc) failed to allocate 2019376 bytes for Chunk::new
# Possible reasons:
#   The system is out of physical RAM or swap space
#   The process is running with CompressedOops enabled, and the Java Heap may be blocking the growth of the native heap
# Possible solutions:
#   Reduce memory load on the system
#   Increase physical memory or swap space
#   Check if swap backing store is full
#   Decrease Java heap size (-Xmx/-Xms)
#   Decrease number of Java threads
#   Decrease Java thread stack sizes (-Xss)
#   Set larger code cache with -XX:ReservedCodeCacheSize=
#   JVM is running with Unscaled Compressed Oops mode in which the Java heap is
#     placed in the first 4GB address space. The Java Heap base address is the
#     maximum limit for the native heap growth. Please use -XX:HeapBaseMinAddress
#     to set the Java Heap base and to place the Java Heap above 4GB virtual address.
# This output file may be truncated or incomplete.
#
#  Out of Memory Error (src/hotspot/share/memory/arena.cpp:197), pid=14076, tid=14080
#
# JRE version: OpenJDK Runtime Environment (11.0.15) (build 11.0.15+0-b2043.56-8887301)
# Java VM: OpenJDK 64-Bit Server VM (11.0.15+0-b2043.56-8887301, mixed mode, tiered, compressed oops, g1 gc, windows-amd64)
# No core dump will be written. Minidumps are not enabled by default on client versions of Windows
#

---------------  S U M M A R Y ------------

Command Line: org.jetbrains.kotlin.cli.jvm.K2JVMCompiler @C:\Users\DELL\AndroidStudioProjects\ProyectoEscolar\app\build\20230211_1550583599532802891.compiler.options

Host: Intel(R) Core(TM) i5-6300U CPU @ 2.40GHz, 4 cores, 7G,  Windows 10 , 64 bit Build 19041 (10.0.19041.2364)
Time: Sat Feb 11 17:09:58 2023 Hora estándar central (México) elapsed time: 49.926696 seconds (0d 0h 0m 49s)

---------------  T H R E A D  ---------------

Current thread (0x000001fd7944b800):  JavaThread "C2 CompilerThread0" daemon [_thread_in_native, id=14080, stack(0x000000e74f900000,0x000000e74fa00000)]


Current CompileTask:
C2:  49926 2041   !   4       jdk.internal.loader.BuiltinClassLoader::loadClassOrNull (143 bytes)

Stack: [0x000000e74f900000,0x000000e74fa00000]
Native frames: (J=compiled Java code, j=interpreted, Vv=VM code, C=native code)
V  [jvm.dll+0x64135a]
V  [jvm.dll+0x7d39f9]
V  [jvm.dll+0x7d51b9]
V  [jvm.dll+0x7d58a3]
V  [jvm.dll+0x2691c5]
V  [jvm.dll+0xc1a5c]
V  [jvm.dll+0xc200c]
V  [jvm.dll+0x377462]
V  [jvm.dll+0x342495]
V  [jvm.dll+0x34186a]
V  [jvm.dll+0x2214bd]
V  [jvm.dll+0x220498]
V  [jvm.dll+0x19e851]
V  [jvm.dll+0x230479]
V  [jvm.dll+0x22e5ef]
V  [jvm.dll+0x794de1]
V  [jvm.dll+0x78dc24]
V  [jvm.dll+0x6400f6]
C  [ucrtbase.dll+0x21bb2]
C  [KERNEL32.DLL+0x17614]
C  [ntdll.dll+0x526a1]


---------------  P R O C E S S  ---------------

Threads class SMR info:
_java_thread_list=0x000001fd7a2910a0, length=10, elements={
0x000001fd6c91d000, 0x000001fd79421800, 0x000001fd79423800, 0x000001fd7943f000,
0x000001fd79443000, 0x000001fd79447800, 0x000001fd7944b800, 0x000001fd79452800,
0x000001fd79455000, 0x000001fd79f1e800
}

Java Threads: ( => current thread )
  0x000001fd6c91d000 JavaThread "main" [_thread_in_native, id=12588, stack(0x000000e74ed00000,0x000000e74ee00000)]
  0x000001fd79421800 JavaThread "Reference Handler" daemon [_thread_blocked, id=14020, stack(0x000000e74f400000,0x000000e74f500000)]
  0x000001fd79423800 JavaThread "Finalizer" daemon [_thread_blocked, id=9104, stack(0x000000e74f500000,0x000000e74f600000)]
  0x000001fd7943f000 JavaThread "Signal Dispatcher" daemon [_thread_blocked, id=352, stack(0x000000e74f600000,0x000000e74f700000)]
  0x000001fd79443000 JavaThread "Attach Listener" daemon [_thread_blocked, id=15824, stack(0x000000e74f700000,0x000000e74f800000)]
  0x000001fd79447800 JavaThread "Service Thread" daemon [_thread_blocked, id=11208, stack(0x000000e74f800000,0x000000e74f900000)]
=>0x000001fd7944b800 JavaThread "C2 CompilerThread0" daemon [_thread_in_native, id=14080, stack(0x000000e74f900000,0x000000e74fa00000)]
  0x000001fd79452800 JavaThread "C1 CompilerThread0" daemon [_thread_blocked, id=4028, stack(0x000000e74fa00000,0x000000e74fb00000)]
  0x000001fd79455000 JavaThread "Sweeper thread" daemon [_thread_blocked, id=4796, stack(0x000000e74fb00000,0x000000e74fc00000)]
  0x000001fd79f1e800 JavaThread "Common-Cleaner" daemon [_thread_blocked, id=128, stack(0x000000e74fd00000,0x000000e74fe00000)]

Other Threads:
  0x000001fd793fa000 VMThread "VM Thread" [stack: 0x000000e74f300000,0x000000e74f400000] [id=11836]
  0x000001fd79f0c000 WatcherThread [stack: 0x000000e74fc00000,0x000000e74fd00000] [id=12492]
  0x000001fd6e901800 GCTaskThread "GC Thread#0" [stack: 0x000000e74ee00000,0x000000e74ef00000] [id=6464]
  0x000001fd7a1d3000 GCTaskThread "GC Thread#1" [stack: 0x000000e74fe00000,0x000000e74ff00000] [id=18008]
  0x000001fd7a1f2800 GCTaskThread "GC Thread#2" [stack: 0x000000e74ff00000,0x000000e750000000] [id=14012]
  0x000001fd6e931800 ConcurrentGCThread "G1 Main Marker" [stack: 0x000000e74ef00000,0x000000e74f000000] [id=15404]
  0x000001fd6e934000 ConcurrentGCThread "G1 Conc#0" [stack: 0x000000e74f000000,0x000000e74f100000] [id=13180]
  0x000001fd79270800 ConcurrentGCThread "G1 Refine#0" [stack: 0x000000e74f100000,0x000000e74f200000] [id=11868]
  0x000001fd79271000 ConcurrentGCThread "G1 Young RemSet Sampling" [stack: 0x000000e74f200000,0x000000e74f300000] [id=15652]

Threads with active compile tasks:
C2 CompilerThread0    50366 2041   !   4       jdk.internal.loader.BuiltinClassLoader::loadClassOrNull (143 bytes)

VM state:not at safepoint (normal execution)

VM Mutex/Monitor currently owned by a thread: None

Heap address: 0x0000000081c00000, size: 2020 MB, Compressed Oops mode: 32-bit
Narrow klass base: 0x0000000000000000, Narrow klass shift: 3
Compressed class space size: 1073741824 Address: 0x0000000100000000

Heap:
 garbage-first heap   total 131072K, used 26170K [0x0000000081c00000, 0x0000000100000000)
  region size 1024K, 12 young (12288K), 1 survivors (1024K)
 Metaspace       used 26437K, capacity 26805K, committed 27136K, reserved 1073152K
  class space    used 2805K, capacity 2971K, committed 3072K, reserved 1048576K
Heap Regions: E=young(eden), S=young(survivor), O=old, HS=humongous(starts), HC=humongous(continues), CS=collection set, F=free, A=archive, TAMS=top-at-mark-start (previous, next)
|   0|0x0000000081c00000, 0x0000000081d00000, 0x0000000081d00000|100%|HS|  |TAMS 0x0000000081d00000, 0x0000000081c00000| Complete 
|   1|0x0000000081d00000, 0x0000000081e00000, 0x0000000081e00000|100%|HC|  |TAMS 0x0000000081e00000, 0x0000000081d00000| Complete 
|   2|0x0000000081e00000, 0x0000000081f00000, 0x0000000081f00000|100%|HC|  |TAMS 0x0000000081f00000, 0x0000000081e00000| Complete 
|   3|0x0000000081f00000, 0x0000000082000000, 0x0000000082000000|100%|HC|  |TAMS 0x0000000082000000, 0x0000000081f00000| Complete 
|   4|0x0000000082000000, 0x0000000082100000, 0x0000000082100000|100%| O|  |TAMS 0x0000000082000000, 0x0000000082000000| Untracked 
|   5|0x0000000082100000, 0x0000000082200000, 0x0000000082200000|100%| O|  |TAMS 0x000000008215ec00, 0x0000000082100000| Untracked 
|   6|0x0000000082200000, 0x0000000082300000, 0x0000000082300000|100%| O|  |TAMS 0x0000000082200000, 0x0000000082200000| Untracked 
|   7|0x0000000082300000, 0x0000000082400000, 0x0000000082400000|100%| O|  |TAMS 0x0000000082300000, 0x0000000082300000| Untracked 
|   8|0x0000000082400000, 0x0000000082500000, 0x0000000082500000|100%| O|  |TAMS 0x0000000082400000, 0x0000000082400000| Untracked 
|   9|0x0000000082500000, 0x0000000082600000, 0x0000000082600000|100%| O|  |TAMS 0x0000000082500000, 0x0000000082500000| Untracked 
|  10|0x0000000082600000, 0x00000000826b9a00, 0x0000000082700000| 72%| O|  |TAMS 0x0000000082600000, 0x0000000082600000| Untracked 
|  11|0x0000000082700000, 0x0000000082800000, 0x0000000082800000|100%|HS|  |TAMS 0x0000000082700000, 0x0000000082700000| Complete 
|  12|0x0000000082800000, 0x0000000082900000, 0x0000000082900000|100%|HC|  |TAMS 0x0000000082800000, 0x0000000082800000| Complete 
|  13|0x0000000082900000, 0x0000000082a00000, 0x0000000082a00000|100%|HC|  |TAMS 0x0000000082900000, 0x0000000082900000| Complete 
|  14|0x0000000082a00000, 0x0000000082b00000, 0x0000000082b00000|100%|HC|  |TAMS 0x0000000082a00000, 0x0000000082a00000| Complete 
|  15|0x0000000082b00000, 0x0000000082b00000, 0x0000000082c00000|  0%| F|  |TAMS 0x0000000082b00000, 0x0000000082b00000| Untracked 
|  16|0x0000000082c00000, 0x0000000082c00000, 0x0000000082d00000|  0%| F|  |TAMS 0x0000000082c00000, 0x0000000082c00000| Untracked 
|  17|0x0000000082d00000, 0x0000000082d00000, 0x0000000082e00000|  0%| F|  |TAMS 0x0000000082d00000, 0x0000000082d00000| Untracked 
|  18|0x0000000082e00000, 0x0000000082e00000, 0x0000000082f00000|  0%| F|  |TAMS 0x0000000082e00000, 0x0000000082e00000| Untracked 
|  19|0x0000000082f00000, 0x0000000082f00000, 0x0000000083000000|  0%| F|  |TAMS 0x0000000082f00000, 0x0000000082f00000| Untracked 
|  20|0x0000000083000000, 0x0000000083000000, 0x0000000083100000|  0%| F|  |TAMS 0x0000000083000000, 0x0000000083000000| Untracked 
|  21|0x0000000083100000, 0x0000000083100000, 0x0000000083200000|  0%| F|  |TAMS 0x0000000083100000, 0x0000000083100000| Untracked 
|  22|0x0000000083200000, 0x0000000083200000, 0x0000000083300000|  0%| F|  |TAMS 0x0000000083200000, 0x0000000083200000| Untracked 
|  23|0x0000000083300000, 0x0000000083300000, 0x0000000083400000|  0%| F|  |TAMS 0x0000000083300000, 0x0000000083300000| Untracked 
|  24|0x0000000083400000, 0x0000000083400000, 0x0000000083500000|  0%| F|  |TAMS 0x0000000083400000, 0x0000000083400000| Untracked 
|  25|0x0000000083500000, 0x0000000083500000, 0x0000000083600000|  0%| F|  |TAMS 0x0000000083500000, 0x0000000083500000| Untracked 
|  26|0x0000000083600000, 0x0000000083600000, 0x0000000083700000|  0%| F|  |TAMS 0x0000000083600000, 0x0000000083600000| Untracked 
|  27|0x0000000083700000, 0x0000000083700000, 0x0000000083800000|  0%| F|  |TAMS 0x0000000083700000, 0x0000000083700000| Untracked 
|  28|0x0000000083800000, 0x0000000083800000, 0x0000000083900000|  0%| F|  |TAMS 0x0000000083800000, 0x0000000083800000| Untracked 
|  29|0x0000000083900000, 0x0000000083900000, 0x0000000083a00000|  0%| F|  |TAMS 0x0000000083900000, 0x0000000083900000| Untracked 
|  30|0x0000000083a00000, 0x0000000083a00000, 0x0000000083b00000|  0%| F|  |TAMS 0x0000000083a00000, 0x0000000083a00000| Untracked 
|  31|0x0000000083b00000, 0x0000000083b00000, 0x0000000083c00000|  0%| F|  |TAMS 0x0000000083b00000, 0x0000000083b00000| Untracked 
|  32|0x0000000083c00000, 0x0000000083c00000, 0x0000000083d00000|  0%| F|  |TAMS 0x0000000083c00000, 0x0000000083c00000| Untracked 
|  33|0x0000000083d00000, 0x0000000083d00000, 0x0000000083e00000|  0%| F|  |TAMS 0x0000000083d00000, 0x0000000083d00000| Untracked 
|  34|0x0000000083e00000, 0x0000000083e00000, 0x0000000083f00000|  0%| F|  |TAMS 0x0000000083e00000, 0x0000000083e00000| Untracked 
|  35|0x0000000083f00000, 0x0000000083f00000, 0x0000000084000000|  0%| F|  |TAMS 0x0000000083f00000, 0x0000000083f00000| Untracked 
|  36|0x0000000084000000, 0x0000000084000000, 0x0000000084100000|  0%| F|  |TAMS 0x0000000084000000, 0x0000000084000000| Untracked 
|  37|0x0000000084100000, 0x0000000084100000, 0x0000000084200000|  0%| F|  |TAMS 0x0000000084100000, 0x0000000084100000| Untracked 
|  38|0x0000000084200000, 0x0000000084200000, 0x0000000084300000|  0%| F|  |TAMS 0x0000000084200000, 0x0000000084200000| Untracked 
|  39|0x0000000084300000, 0x0000000084300000, 0x0000000084400000|  0%| F|  |TAMS 0x0000000084300000, 0x0000000084300000| Untracked 
|  40|0x0000000084400000, 0x0000000084400000, 0x0000000084500000|  0%| F|  |TAMS 0x0000000084400000, 0x0000000084400000| Untracked 
|  41|0x0000000084500000, 0x0000000084500000, 0x0000000084600000|  0%| F|  |TAMS 0x0000000084500000, 0x0000000084500000| Untracked 
|  42|0x0000000084600000, 0x0000000084600000, 0x0000000084700000|  0%| F|  |TAMS 0x0000000084600000, 0x0000000084600000| Untracked 
|  43|0x0000000084700000, 0x0000000084700000, 0x0000000084800000|  0%| F|  |TAMS 0x0000000084700000, 0x0000000084700000| Untracked 
|  44|0x0000000084800000, 0x0000000084800000, 0x0000000084900000|  0%| F|  |TAMS 0x0000000084800000, 0x0000000084800000| Untracked 
|  45|0x0000000084900000, 0x0000000084900000, 0x0000000084a00000|  0%| F|  |TAMS 0x0000000084900000, 0x0000000084900000| Untracked 
|  46|0x0000000084a00000, 0x0000000084a00000, 0x0000000084b00000|  0%| F|  |TAMS 0x0000000084a00000, 0x0000000084a00000| Untracked 
|  47|0x0000000084b00000, 0x0000000084b00000, 0x0000000084c00000|  0%| F|  |TAMS 0x0000000084b00000, 0x0000000084b00000| Untracked 
|  48|0x0000000084c00000, 0x0000000084c00000, 0x0000000084d00000|  0%| F|  |TAMS 0x0000000084c00000, 0x0000000084c00000| Untracked 
|  49|0x0000000084d00000, 0x0000000084d00000, 0x0000000084e00000|  0%| F|  |TAMS 0x0000000084d00000, 0x0000000084d00000| Untracked 
|  50|0x0000000084e00000, 0x0000000084e00000, 0x0000000084f00000|  0%| F|  |TAMS 0x0000000084e00000, 0x0000000084e00000| Untracked 
|  51|0x0000000084f00000, 0x0000000084f00000, 0x0000000085000000|  0%| F|  |TAMS 0x0000000084f00000, 0x0000000084f00000| Untracked 
|  52|0x0000000085000000, 0x0000000085000000, 0x0000000085100000|  0%| F|  |TAMS 0x0000000085000000, 0x0000000085000000| Untracked 
|  53|0x0000000085100000, 0x0000000085100000, 0x0000000085200000|  0%| F|  |TAMS 0x0000000085100000, 0x0000000085100000| Untracked 
|  54|0x0000000085200000, 0x0000000085200000, 0x0000000085300000|  0%| F|  |TAMS 0x0000000085200000, 0x0000000085200000| Untracked 
|  55|0x0000000085300000, 0x0000000085300000, 0x0000000085400000|  0%| F|  |TAMS 0x0000000085300000, 0x0000000085300000| Untracked 
|  56|0x0000000085400000, 0x0000000085400000, 0x0000000085500000|  0%| F|  |TAMS 0x0000000085400000, 0x0000000085400000| Untracked 
|  57|0x0000000085500000, 0x0000000085500000, 0x0000000085600000|  0%| F|  |TAMS 0x0000000085500000, 0x0000000085500000| Untracked 
|  58|0x0000000085600000, 0x0000000085600000, 0x0000000085700000|  0%| F|  |TAMS 0x0000000085600000, 0x0000000085600000| Untracked 
|  59|0x0000000085700000, 0x0000000085700000, 0x0000000085800000|  0%| F|  |TAMS 0x0000000085700000, 0x0000000085700000| Untracked 
|  60|0x0000000085800000, 0x0000000085800000, 0x0000000085900000|  0%| F|  |TAMS 0x0000000085800000, 0x0000000085800000| Untracked 
|  61|0x0000000085900000, 0x0000000085900000, 0x0000000085a00000|  0%| F|  |TAMS 0x0000000085900000, 0x0000000085900000| Untracked 
|  62|0x0000000085a00000, 0x0000000085a00000, 0x0000000085b00000|  0%| F|  |TAMS 0x0000000085a00000, 0x0000000085a00000| Untracked 
|  63|0x0000000085b00000, 0x0000000085b00000, 0x0000000085c00000|  0%| F|  |TAMS 0x0000000085b00000, 0x0000000085b00000| Untracked 
|  64|0x0000000085c00000, 0x0000000085c00000, 0x0000000085d00000|  0%| F|  |TAMS 0x0000000085c00000, 0x0000000085c00000| Untracked 
|  65|0x0000000085d00000, 0x0000000085d00000, 0x0000000085e00000|  0%| F|  |TAMS 0x0000000085d00000, 0x0000000085d00000| Untracked 
|  66|0x0000000085e00000, 0x0000000085e00000, 0x0000000085f00000|  0%| F|  |TAMS 0x0000000085e00000, 0x0000000085e00000| Untracked 
|  67|0x0000000085f00000, 0x0000000085f00000, 0x0000000086000000|  0%| F|  |TAMS 0x0000000085f00000, 0x0000000085f00000| Untracked 
|  68|0x0000000086000000, 0x0000000086000000, 0x0000000086100000|  0%| F|  |TAMS 0x0000000086000000, 0x0000000086000000| Untracked 
|  69|0x0000000086100000, 0x0000000086100000, 0x0000000086200000|  0%| F|  |TAMS 0x0000000086100000, 0x0000000086100000| Untracked 
|  70|0x0000000086200000, 0x0000000086200000, 0x0000000086300000|  0%| F|  |TAMS 0x0000000086200000, 0x0000000086200000| Untracked 
|  71|0x0000000086300000, 0x0000000086300000, 0x0000000086400000|  0%| F|  |TAMS 0x0000000086300000, 0x0000000086300000| Untracked 
|  72|0x0000000086400000, 0x0000000086400000, 0x0000000086500000|  0%| F|  |TAMS 0x0000000086400000, 0x0000000086400000| Untracked 
|  73|0x0000000086500000, 0x0000000086500000, 0x0000000086600000|  0%| F|  |TAMS 0x0000000086500000, 0x0000000086500000| Untracked 
|  74|0x0000000086600000, 0x0000000086600000, 0x0000000086700000|  0%| F|  |TAMS 0x0000000086600000, 0x0000000086600000| Untracked 
|  75|0x0000000086700000, 0x0000000086700000, 0x0000000086800000|  0%| F|  |TAMS 0x0000000086700000, 0x0000000086700000| Untracked 
|  76|0x0000000086800000, 0x0000000086800000, 0x0000000086900000|  0%| F|  |TAMS 0x0000000086800000, 0x0000000086800000| Untracked 
|  77|0x0000000086900000, 0x0000000086900000, 0x0000000086a00000|  0%| F|  |TAMS 0x0000000086900000, 0x0000000086900000| Untracked 
|  78|0x0000000086a00000, 0x0000000086a00000, 0x0000000086b00000|  0%| F|  |TAMS 0x0000000086a00000, 0x0000000086a00000| Untracked 
|  79|0x0000000086b00000, 0x0000000086b00000, 0x0000000086c00000|  0%| F|  |TAMS 0x0000000086b00000, 0x0000000086b00000| Untracked 
|  80|0x0000000086c00000, 0x0000000086c00000, 0x0000000086d00000|  0%| F|  |TAMS 0x0000000086c00000, 0x0000000086c00000| Untracked 
|  81|0x0000000086d00000, 0x0000000086d00000, 0x0000000086e00000|  0%| F|  |TAMS 0x0000000086d00000, 0x0000000086d00000| Untracked 
|  82|0x0000000086e00000, 0x0000000086e00000, 0x0000000086f00000|  0%| F|  |TAMS 0x0000000086e00000, 0x0000000086e00000| Untracked 
|  83|0x0000000086f00000, 0x0000000086f00000, 0x0000000087000000|  0%| F|  |TAMS 0x0000000086f00000, 0x0000000086f00000| Untracked 
|  84|0x0000000087000000, 0x0000000087000000, 0x0000000087100000|  0%| F|  |TAMS 0x0000000087000000, 0x0000000087000000| Untracked 
|  85|0x0000000087100000, 0x0000000087100000, 0x0000000087200000|  0%| F|  |TAMS 0x0000000087100000, 0x0000000087100000| Untracked 
|  86|0x0000000087200000, 0x0000000087200000, 0x0000000087300000|  0%| F|  |TAMS 0x0000000087200000, 0x0000000087200000| Untracked 
|  87|0x0000000087300000, 0x0000000087300000, 0x0000000087400000|  0%| F|  |TAMS 0x0000000087300000, 0x0000000087300000| Untracked 
|  88|0x0000000087400000, 0x0000000087400000, 0x0000000087500000|  0%| F|  |TAMS 0x0000000087400000, 0x0000000087400000| Untracked 
|  89|0x0000000087500000, 0x0000000087500000, 0x0000000087600000|  0%| F|  |TAMS 0x0000000087500000, 0x0000000087500000| Untracked 
|  90|0x0000000087600000, 0x0000000087600000, 0x0000000087700000|  0%| F|  |TAMS 0x0000000087600000, 0x0000000087600000| Untracked 
|  91|0x0000000087700000, 0x0000000087700000, 0x0000000087800000|  0%| F|  |TAMS 0x0000000087700000, 0x0000000087700000| Untracked 
|  92|0x0000000087800000, 0x0000000087800000, 0x0000000087900000|  0%| F|  |TAMS 0x0000000087800000, 0x0000000087800000| Untracked 
|  93|0x0000000087900000, 0x0000000087900000, 0x0000000087a00000|  0%| F|  |TAMS 0x0000000087900000, 0x0000000087900000| Untracked 
|  94|0x0000000087a00000, 0x0000000087a00000, 0x0000000087b00000|  0%| F|  |TAMS 0x0000000087a00000, 0x0000000087a00000| Untracked 
|  95|0x0000000087b00000, 0x0000000087b00000, 0x0000000087c00000|  0%| F|  |TAMS 0x0000000087b00000, 0x0000000087b00000| Untracked 
|  96|0x0000000087c00000, 0x0000000087c00000, 0x0000000087d00000|  0%| F|  |TAMS 0x0000000087c00000, 0x0000000087c00000| Untracked 
|  97|0x0000000087d00000, 0x0000000087d00000, 0x0000000087e00000|  0%| F|  |TAMS 0x0000000087d00000, 0x0000000087d00000| Untracked 
|  98|0x0000000087e00000, 0x0000000087e00000, 0x0000000087f00000|  0%| F|  |TAMS 0x0000000087e00000, 0x0000000087e00000| Untracked 
|  99|0x0000000087f00000, 0x0000000087f00000, 0x0000000088000000|  0%| F|  |TAMS 0x0000000087f00000, 0x0000000087f00000| Untracked 
| 100|0x0000000088000000, 0x0000000088000000, 0x0000000088100000|  0%| F|  |TAMS 0x0000000088000000, 0x0000000088000000| Untracked 
| 101|0x0000000088100000, 0x0000000088100000, 0x0000000088200000|  0%| F|  |TAMS 0x0000000088100000, 0x0000000088100000| Untracked 
| 102|0x0000000088200000, 0x0000000088200000, 0x0000000088300000|  0%| F|  |TAMS 0x0000000088200000, 0x0000000088200000| Untracked 
| 103|0x0000000088300000, 0x0000000088300000, 0x0000000088400000|  0%| F|  |TAMS 0x0000000088300000, 0x0000000088300000| Untracked 
| 104|0x0000000088400000, 0x0000000088400000, 0x0000000088500000|  0%| F|  |TAMS 0x0000000088400000, 0x0000000088400000| Untracked 
| 105|0x0000000088500000, 0x0000000088500000, 0x0000000088600000|  0%| F|  |TAMS 0x0000000088500000, 0x0000000088500000| Untracked 
| 106|0x0000000088600000, 0x0000000088600000, 0x0000000088700000|  0%| F|  |TAMS 0x0000000088600000, 0x0000000088600000| Untracked 
| 107|0x0000000088700000, 0x0000000088700000, 0x0000000088800000|  0%| F|  |TAMS 0x0000000088700000, 0x0000000088700000| Untracked 
| 108|0x0000000088800000, 0x0000000088800000, 0x0000000088900000|  0%| F|  |TAMS 0x0000000088800000, 0x0000000088800000| Untracked 
| 109|0x0000000088900000, 0x0000000088900000, 0x0000000088a00000|  0%| F|  |TAMS 0x0000000088900000, 0x0000000088900000| Untracked 
| 110|0x0000000088a00000, 0x0000000088a00000, 0x0000000088b00000|  0%| F|  |TAMS 0x0000000088a00000, 0x0000000088a00000| Untracked 
| 111|0x0000000088b00000, 0x0000000088b00000, 0x0000000088c00000|  0%| F|  |TAMS 0x0000000088b00000, 0x0000000088b00000| Untracked 
| 112|0x0000000088c00000, 0x0000000088c00000, 0x0000000088d00000|  0%| F|  |TAMS 0x0000000088c00000, 0x0000000088c00000| Untracked 
| 113|0x0000000088d00000, 0x0000000088d00000, 0x0000000088e00000|  0%| F|  |TAMS 0x0000000088d00000, 0x0000000088d00000| Untracked 
| 114|0x0000000088e00000, 0x0000000088e00000, 0x0000000088f00000|  0%| F|  |TAMS 0x0000000088e00000, 0x0000000088e00000| Untracked 
| 115|0x0000000088f00000, 0x0000000088f00000, 0x0000000089000000|  0%| F|  |TAMS 0x0000000088f00000, 0x0000000088f00000| Untracked 
| 116|0x0000000089000000, 0x0000000089100000, 0x0000000089100000|100%| E|  |TAMS 0x0000000089000000, 0x0000000089000000| Complete 
| 117|0x0000000089100000, 0x0000000089200000, 0x0000000089200000|100%| E|CS|TAMS 0x0000000089100000, 0x0000000089100000| Complete 
| 118|0x0000000089200000, 0x0000000089300000, 0x0000000089300000|100%| E|CS|TAMS 0x0000000089200000, 0x0000000089200000| Complete 
| 119|0x0000000089300000, 0x00000000893d5180, 0x0000000089400000| 83%| S|CS|TAMS 0x0000000089300000, 0x0000000089300000| Complete 
| 120|0x0000000089400000, 0x0000000089500000, 0x0000000089500000|100%| E|CS|TAMS 0x0000000089400000, 0x0000000089400000| Complete 
| 121|0x0000000089500000, 0x0000000089600000, 0x0000000089600000|100%| E|CS|TAMS 0x0000000089500000, 0x0000000089500000| Complete 
| 122|0x0000000089600000, 0x0000000089700000, 0x0000000089700000|100%| E|CS|TAMS 0x0000000089600000, 0x0000000089600000| Complete 
| 123|0x0000000089700000, 0x0000000089800000, 0x0000000089800000|100%| E|CS|TAMS 0x0000000089700000, 0x0000000089700000| Complete 
| 124|0x0000000089800000, 0x0000000089900000, 0x0000000089900000|100%| E|CS|TAMS 0x0000000089800000, 0x0000000089800000| Complete 
| 125|0x0000000089900000, 0x0000000089a00000, 0x0000000089a00000|100%| E|CS|TAMS 0x0000000089900000, 0x0000000089900000| Complete 
| 126|0x0000000089a00000, 0x0000000089b00000, 0x0000000089b00000|100%| E|CS|TAMS 0x0000000089a00000, 0x0000000089a00000| Complete 
| 127|0x0000000089b00000, 0x0000000089c00000, 0x0000000089c00000|100%| E|CS|TAMS 0x0000000089b00000, 0x0000000089b00000| Complete 

Card table byte_map: [0x000001fd72810000,0x000001fd72c10000] _byte_map_base: 0x000001fd72402000

Marking Bits (Prev, Next): (CMBitMap*) 0x000001fd6e928eb0, (CMBitMap*) 0x000001fd6e928e78
 Prev Bits: [0x000001fd74fa0000, 0x000001fd76f30000)
 Next Bits: [0x000001fd73010000, 0x000001fd74fa0000)

Polling page: 0x000001fd6c7e0000

Metaspace:

Usage:
  Non-class:     23.28 MB capacity,    23.08 MB (>99%) used,   156.43 KB ( <1%) free+waste,    38.56 KB ( <1%) overhead. 
      Class:      2.90 MB capacity,     2.74 MB ( 94%) used,   146.58 KB (  5%) free+waste,    17.62 KB ( <1%) overhead. 
       Both:     26.18 MB capacity,    25.83 MB ( 99%) used,   303.01 KB (  1%) free+waste,    56.19 KB ( <1%) overhead. 

Virtual space:
  Non-class space:       24.00 MB reserved,      23.50 MB ( 98%) committed 
      Class space:        1.00 GB reserved,       3.00 MB ( <1%) committed 
             Both:        1.02 GB reserved,      26.50 MB (  3%) committed 

Chunk freelists:
   Non-Class:  38.00 KB
       Class:  5.00 KB
        Both:  43.00 KB

MaxMetaspaceSize: 17179869184.00 GB
CompressedClassSpaceSize: 1.00 GB
Initial GC threshold: 20.80 MB
Current GC threshold: 35.00 MB
CDS: off

CodeHeap 'non-profiled nmethods': size=120064Kb used=688Kb max_used=688Kb free=119375Kb
 bounds [0x000001fd07ac0000, 0x000001fd07d30000, 0x000001fd0f000000]
CodeHeap 'profiled nmethods': size=120000Kb used=4129Kb max_used=4129Kb free=115871Kb
 bounds [0x000001fd00590000, 0x000001fd009a0000, 0x000001fd07ac0000]
CodeHeap 'non-nmethods': size=5696Kb used=1230Kb max_used=1241Kb free=4465Kb
 bounds [0x000001fd00000000, 0x000001fd00270000, 0x000001fd00590000]
 total_blobs=2568 nmethods=2061 adapters=419
 compilation: enabled
              stopped_count=0, restarted_count=0
 full_count=0

Compilation events (20 events):
Event: 49.643 Thread 0x000001fd79452800 2048       3       com.sun.org.apache.xerces.internal.impl.XMLDocumentFragmentScannerImpl::getAttributeIterator (39 bytes)
Event: 49.643 Thread 0x000001fd79452800 nmethod 2048 0x000001fd0098fd90 code [0x000001fd0098ff40, 0x000001fd00990108]
Event: 49.643 Thread 0x000001fd79452800 2049       1       org.jetbrains.kotlin.org.jdom.Attribute::getName (5 bytes)
Event: 49.643 Thread 0x000001fd79452800 nmethod 2049 0x000001fd07b6b490 code [0x000001fd07b6b640, 0x000001fd07b6b6f8]
Event: 49.643 Thread 0x000001fd79452800 2050       1       org.jetbrains.kotlin.org.jdom.Namespace::getURI (5 bytes)
Event: 49.644 Thread 0x000001fd79452800 nmethod 2050 0x000001fd07b6b790 code [0x000001fd07b6b940, 0x000001fd07b6b9f8]
Event: 49.644 Thread 0x000001fd79452800 2051       1       org.jetbrains.kotlin.org.jdom.Attribute::getNamespace (5 bytes)
Event: 49.644 Thread 0x000001fd79452800 nmethod 2051 0x000001fd07b6ba90 code [0x000001fd07b6bc40, 0x000001fd07b6bcf8]
Event: 49.644 Thread 0x000001fd79452800 2052       3       com.sun.org.apache.xerces.internal.impl.XMLEntityScanner::skipSpaces (362 bytes)
Event: 49.645 Thread 0x000001fd79452800 nmethod 2052 0x000001fd00990190 code [0x000001fd00990420, 0x000001fd00990f88]
Event: 49.645 Thread 0x000001fd79452800 2053       3       com.sun.org.apache.xerces.internal.utils.XMLSecurityManager::isOverLimit (111 bytes)
Event: 49.646 Thread 0x000001fd79452800 nmethod 2053 0x000001fd00991410 code [0x000001fd00991620, 0x000001fd00991c58]
Event: 49.646 Thread 0x000001fd79452800 2054       3       com.sun.org.apache.xerces.internal.utils.XMLSecurityManager::isOverLimit (10 bytes)
Event: 49.646 Thread 0x000001fd79452800 nmethod 2054 0x000001fd00991f90 code [0x000001fd00992140, 0x000001fd00992288]
Event: 49.720 Thread 0x000001fd7944b800 nmethod 2040% 0x000001fd07b6bd90 code [0x000001fd07b6bf20, 0x000001fd07b6c0b8]
Event: 49.720 Thread 0x000001fd7944b800 2041   !   4       jdk.internal.loader.BuiltinClassLoader::loadClassOrNull (143 bytes)
Event: 49.740 Thread 0x000001fd79452800 2055       3       org.jetbrains.kotlin.org.jdom.Attribute::getNamespaceURI (8 bytes)
Event: 49.740 Thread 0x000001fd79452800 nmethod 2055 0x000001fd00992390 code [0x000001fd00992540, 0x000001fd00992658]
Event: 49.745 Thread 0x000001fd79452800 2056       3       java.lang.invoke.DirectMethodHandle::shouldBeInitialized (123 bytes)
Event: 49.747 Thread 0x000001fd79452800 nmethod 2056 0x000001fd00992710 code [0x000001fd00992b00, 0x000001fd00994158]

GC Heap History (6 events):
Event: 15.267 GC heap before
{Heap before GC invocations=0 (full 0):
 garbage-first heap   total 131072K, used 18432K [0x0000000081c00000, 0x0000000100000000)
  region size 1024K, 14 young (14336K), 0 survivors (0K)
 Metaspace       used 9885K, capacity 9970K, committed 10112K, reserved 1058816K
  class space    used 824K, capacity 853K, committed 896K, reserved 1048576K
}
Event: 15.272 GC heap after
{Heap after GC invocations=1 (full 0):
 garbage-first heap   total 131072K, used 6523K [0x0000000081c00000, 0x0000000100000000)
  region size 1024K, 2 young (2048K), 2 survivors (2048K)
 Metaspace       used 9885K, capacity 9970K, committed 10112K, reserved 1058816K
  class space    used 824K, capacity 853K, committed 896K, reserved 1048576K
}
Event: 38.397 GC heap before
{Heap before GC invocations=1 (full 0):
 garbage-first heap   total 131072K, used 52603K [0x0000000081c00000, 0x0000000100000000)
  region size 1024K, 48 young (49152K), 2 survivors (2048K)
 Metaspace       used 20975K, capacity 21187K, committed 21248K, reserved 1069056K
  class space    used 2206K, capacity 2301K, committed 2304K, reserved 1048576K
}
Event: 38.592 GC heap after
{Heap after GC invocations=2 (full 0):
 garbage-first heap   total 131072K, used 11084K [0x0000000081c00000, 0x0000000100000000)
  region size 1024K, 7 young (7168K), 7 survivors (7168K)
 Metaspace       used 20975K, capacity 21187K, committed 21248K, reserved 1069056K
  class space    used 2206K, capacity 2301K, committed 2304K, reserved 1048576K
}
Event: 45.354 GC heap before
{Heap before GC invocations=3 (full 0):
 garbage-first heap   total 131072K, used 19276K [0x0000000081c00000, 0x0000000100000000)
  region size 1024K, 15 young (15360K), 7 survivors (7168K)
 Metaspace       used 23284K, capacity 23571K, committed 23680K, reserved 1071104K
  class space    used 2490K, capacity 2590K, committed 2688K, reserved 1048576K
}
Event: 45.365 GC heap after
{Heap after GC invocations=4 (full 0):
 garbage-first heap   total 131072K, used 11834K [0x0000000081c00000, 0x0000000100000000)
  region size 1024K, 1 young (1024K), 1 survivors (1024K)
 Metaspace       used 23284K, capacity 23571K, committed 23680K, reserved 1071104K
  class space    used 2490K, capacity 2590K, committed 2688K, reserved 1048576K
}

Deoptimization events (20 events):
Event: 48.699 Thread 0x000001fd6c91d000 Uncommon trap: trap_request=0xffffffde fr.pc=0x000001fd07b4a528 relative=0x0000000000001368
Event: 48.699 Thread 0x000001fd6c91d000 Uncommon trap: reason=class_check action=maybe_recompile pc=0x000001fd07b4a528 method=java.util.zip.InflaterInputStream.read([BII)I @ 100 c2
Event: 48.699 Thread 0x000001fd6c91d000 DEOPT PACKING pc=0x000001fd07b4a528 sp=0x000000e74edfe640
Event: 48.699 Thread 0x000001fd6c91d000 DEOPT UNPACKING pc=0x000001fd0004a1af sp=0x000000e74edfe6a0 mode 2
Event: 49.304 Thread 0x000001fd6c91d000 Uncommon trap: trap_request=0xffffffde fr.pc=0x000001fd07b18584 relative=0x0000000000000064
Event: 49.304 Thread 0x000001fd6c91d000 Uncommon trap: reason=class_check action=maybe_recompile pc=0x000001fd07b18584 method=java.util.Collections$UnmodifiableCollection.size()I @ 4 c2
Event: 49.304 Thread 0x000001fd6c91d000 DEOPT PACKING pc=0x000001fd07b18584 sp=0x000000e74edfc0b0
Event: 49.304 Thread 0x000001fd6c91d000 DEOPT UNPACKING pc=0x000001fd0004a1af sp=0x000000e74edfc040 mode 2
Event: 49.304 Thread 0x000001fd6c91d000 Uncommon trap: trap_request=0xffffffde fr.pc=0x000001fd07b18584 relative=0x0000000000000064
Event: 49.304 Thread 0x000001fd6c91d000 Uncommon trap: reason=class_check action=maybe_recompile pc=0x000001fd07b18584 method=java.util.Collections$UnmodifiableCollection.size()I @ 4 c2
Event: 49.304 Thread 0x000001fd6c91d000 DEOPT PACKING pc=0x000001fd07b18584 sp=0x000000e74edfc0b0
Event: 49.304 Thread 0x000001fd6c91d000 DEOPT UNPACKING pc=0x000001fd0004a1af sp=0x000000e74edfc040 mode 2
Event: 49.304 Thread 0x000001fd6c91d000 Uncommon trap: trap_request=0xffffffde fr.pc=0x000001fd07b18584 relative=0x0000000000000064
Event: 49.304 Thread 0x000001fd6c91d000 Uncommon trap: reason=class_check action=maybe_recompile pc=0x000001fd07b18584 method=java.util.Collections$UnmodifiableCollection.size()I @ 4 c2
Event: 49.305 Thread 0x000001fd6c91d000 DEOPT PACKING pc=0x000001fd07b18584 sp=0x000000e74edfc0b0
Event: 49.305 Thread 0x000001fd6c91d000 DEOPT UNPACKING pc=0x000001fd0004a1af sp=0x000000e74edfc040 mode 2
Event: 49.305 Thread 0x000001fd6c91d000 Uncommon trap: trap_request=0xffffffde fr.pc=0x000001fd07b18584 relative=0x0000000000000064
Event: 49.305 Thread 0x000001fd6c91d000 Uncommon trap: reason=class_check action=maybe_recompile pc=0x000001fd07b18584 method=java.util.Collections$UnmodifiableCollection.size()I @ 4 c2
Event: 49.305 Thread 0x000001fd6c91d000 DEOPT PACKING pc=0x000001fd07b18584 sp=0x000000e74edfc0b0
Event: 49.305 Thread 0x000001fd6c91d000 DEOPT UNPACKING pc=0x000001fd0004a1af sp=0x000000e74edfc040 mode 2

Classes redefined (0 events):
No events

Internal exceptions (20 events):
Event: 24.699 Thread 0x000001fd6c91d000 Exception <a 'java/lang/NoSuchMethodError'{0x00000000878b6c08}: 'void java.lang.invoke.DelegatingMethodHandle$Holder.reinvoke_L(java.lang.Object, java.lang.Object, java.lang.Object, long, java.lang.Object)'> (0x00000000878b6c08) thrown at [src/hotspot/share/interpreter/linkResolver.cpp, line 773]
Event: 24.700 Thread 0x000001fd6c91d000 Exception <a 'java/lang/NoSuchMethodError'{0x00000000878c0488}: 'java.lang.Object java.lang.invoke.DirectMethodHandle$Holder.invokeSpecial(java.lang.Object, java.lang.Object, java.lang.Object, java.lang.Object, long)'> (0x00000000878c0488) thrown at [src/hotspot/share/interpreter/linkResolver.cpp, line 773]
Event: 24.700 Thread 0x000001fd6c91d000 Exception <a 'java/lang/NoSuchMethodError'{0x00000000878c39e0}: 'java.lang.Object java.lang.invoke.DelegatingMethodHandle$Holder.reinvoke_L(java.lang.Object, java.lang.Object, java.lang.Object, long)'> (0x00000000878c39e0) thrown at [src/hotspot/share/interpreter/linkResolver.cpp, line 773]
Event: 24.703 Thread 0x000001fd6c91d000 Exception <a 'java/lang/NoSuchMethodError'{0x00000000878ddea8}: 'long java.lang.invoke.Invokers$Holder.invoke_MT(java.lang.Object, java.lang.Object, java.lang.Object, java.lang.Object)'> (0x00000000878ddea8) thrown at [src/hotspot/share/interpreter/linkResolver.cpp, line 773]
Event: 24.703 Thread 0x000001fd6c91d000 Exception <a 'java/lang/NoSuchMethodError'{0x00000000878e1528}: 'long java.lang.invoke.DelegatingMethodHandle$Holder.reinvoke_L(java.lang.Object, java.lang.Object, java.lang.Object)'> (0x00000000878e1528) thrown at [src/hotspot/share/interpreter/linkResolver.cpp, line 773]
Event: 24.705 Thread 0x000001fd6c91d000 Exception <a 'java/lang/NoSuchMethodError'{0x00000000878eb1e8}: 'int java.lang.invoke.DirectMethodHandle$Holder.invokeSpecial(java.lang.Object, java.lang.Object, java.lang.Object, java.lang.Object)'> (0x00000000878eb1e8) thrown at [src/hotspot/share/interpreter/linkResolver.cpp, line 773]
Event: 24.707 Thread 0x000001fd6c91d000 Exception <a 'java/lang/NoSuchMethodError'{0x00000000878f9fc8}: 'int java.lang.invoke.DelegatingMethodHandle$Holder.reinvoke_L(java.lang.Object, java.lang.Object, java.lang.Object, long, int)'> (0x00000000878f9fc8) thrown at [src/hotspot/share/interpreter/linkResolver.cpp, line 773]
Event: 37.530 Thread 0x000001fd6c91d000 Exception <a 'java/lang/NoSuchMethodError'{0x0000000086c20998}: 'java.lang.Object java.lang.invoke.DirectMethodHandle$Holder.invokeStaticInit(java.lang.Object, int)'> (0x0000000086c20998) thrown at [src/hotspot/share/interpreter/linkResolver.cpp, line 773]
Event: 38.979 Thread 0x000001fd6c91d000 Exception <a 'java/lang/NoSuchMethodError'{0x0000000089a11660}: 'long java.lang.invoke.DirectMethodHandle$Holder.invokeStatic(java.lang.Object)'> (0x0000000089a11660) thrown at [src/hotspot/share/interpreter/linkResolver.cpp, line 773]
Event: 38.980 Thread 0x000001fd6c91d000 Exception <a 'java/lang/NoSuchMethodError'{0x0000000089a144b8}: 'long java.lang.invoke.DirectMethodHandle$Holder.invokeStaticInit(java.lang.Object)'> (0x0000000089a144b8) thrown at [src/hotspot/share/interpreter/linkResolver.cpp, line 773]
Event: 39.549 Thread 0x000001fd6c91d000 Exception <a 'java/lang/NoSuchMethodError'{0x0000000089981cc0}: 'int java.lang.invoke.DirectMethodHandle$Holder.invokeSpecialIFC(java.lang.Object, java.lang.Object, int)'> (0x0000000089981cc0) thrown at [src/hotspot/share/interpreter/linkResolver.cpp, line 773]
Event: 42.249 Thread 0x000001fd6c91d000 Exception <a 'java/lang/NoSuchMethodError'{0x00000000896445f0}: 'int java.lang.invoke.DirectMethodHandle$Holder.invokeStaticInit(java.lang.Object, java.lang.Object, java.lang.Object)'> (0x00000000896445f0) thrown at [src/hotspot/share/interpreter/linkResolver.cpp, line 773]
Event: 42.255 Thread 0x000001fd6c91d000 Exception <a 'java/lang/NoSuchMethodError'{0x000000008966fca0}: 'int java.lang.invoke.DirectMethodHandle$Holder.invokeStaticInit(java.lang.Object, java.lang.Object)'> (0x000000008966fca0) thrown at [src/hotspot/share/interpreter/linkResolver.cpp, line 773]
Event: 44.557 Thread 0x000001fd6c91d000 Exception <a 'java/lang/NoSuchMethodError'{0x0000000089483228}: 'void java.lang.invoke.DirectMethodHandle$Holder.invokeSpecial(java.lang.Object, java.lang.Object)'> (0x0000000089483228) thrown at [src/hotspot/share/interpreter/linkResolver.cpp, line 773]
Event: 49.298 Thread 0x000001fd6c91d000 Exception <a 'java/lang/NoSuchMethodError'{0x0000000089228840}: 'java.lang.Object java.lang.invoke.DirectMethodHandle$Holder.invokeStatic(java.lang.Object, java.lang.Object, java.lang.Object, java.lang.Object, java.lang.Object, java.lang.Object, java.lang.Object, java.lang.Object, java.lang.Object, java.lang.Object, java.lang.Object, java.lang.Object, java.lang.Object, java.lang.Object, java.lang.Object)'> (0x0000000089228840) thrown at [src/hotspot/share/interpreter/linkResolver.cpp, line 773]
Event: 49.300 Thread 0x000001fd6c91d000 Exception <a 'java/lang/NoSuchMethodError'{0x0000000089236848}: 'java.lang.Object java.lang.invoke.DirectMethodHandle$Holder.invokeStatic(java.lang.Object, java.lang.Object, java.lang.Object, java.lang.Object, java.lang.Object, java.lang.Object, java.lang.Object, java.lang.Object, java.lang.Object, java.lang.Object, java.lang.Object, java.lang.Object, java.lang.Object, java.lang.Object, java.lang.Object, java.lang.Object)'> (0x0000000089236848) thrown at [src/hotspot/share/interpreter/linkResolver.cpp, lin
Event: 49.302 Thread 0x000001fd6c91d000 Exception <a 'java/lang/NoSuchMethodError'{0x0000000089244760}: 'java.lang.Object java.lang.invoke.DirectMethodHandle$Holder.invokeSpecial(java.lang.Object, java.lang.Object, int, int, java.lang.Object, java.lang.Object, java.lang.Object)'> (0x0000000089244760) thrown at [src/hotspot/share/interpreter/linkResolver.cpp, line 773]
Event: 49.302 Thread 0x000001fd6c91d000 Exception <a 'java/lang/NoSuchMethodError'{0x0000000089247f98}: 'java.lang.Object java.lang.invoke.DelegatingMethodHandle$Holder.reinvoke_L(java.lang.Object, int, int, java.lang.Object, java.lang.Object, java.lang.Object)'> (0x0000000089247f98) thrown at [src/hotspot/share/interpreter/linkResolver.cpp, line 773]
Event: 49.303 Thread 0x000001fd6c91d000 Exception <a 'java/lang/NoSuchMethodError'{0x000000008924c320}: 'java.lang.Object java.lang.invoke.DirectMethodHandle$Holder.invokeStatic(java.lang.Object, java.lang.Object, java.lang.Object, java.lang.Object, int)'> (0x000000008924c320) thrown at [src/hotspot/share/interpreter/linkResolver.cpp, line 773]
Event: 49.744 Thread 0x000001fd6c91d000 Exception <a 'java/lang/NoSuchMethodError'{0x0000000089170d38}: 'void java.lang.invoke.DirectMethodHandle$Holder.invokeStatic(java.lang.Object, java.lang.Object, java.lang.Object, java.lang.Object)'> (0x0000000089170d38) thrown at [src/hotspot/share/interpreter/linkResolver.cpp, line 773]

Events (20 events):
Event: 49.738 loading class org/jetbrains/kotlin/org/jdom/ContentList$FilterListIterator
Event: 49.738 loading class org/jetbrains/kotlin/org/jdom/ContentList$FilterListIterator done
Event: 49.739 loading class java/util/ConcurrentModificationException
Event: 49.739 loading class java/util/ConcurrentModificationException done
Event: 49.739 loading class org/jetbrains/kotlin/org/jdom/ContentList$CLIterator
Event: 49.739 loading class org/jetbrains/kotlin/org/jdom/ContentList$CLIterator done
Event: 49.741 loading class jdk/nio/zipfs/ZipFileSystem
Event: 49.741 loading class jdk/nio/zipfs/ZipFileSystem done
Event: 49.743 loading class org/jetbrains/kotlin/com/intellij/lang/Language
Event: 49.743 loading class org/jetbrains/kotlin/com/intellij/lang/Language done
Event: 49.744 loading class org/jetbrains/kotlin/com/intellij/lang/MetaLanguage
Event: 49.744 loading class org/jetbrains/kotlin/com/intellij/lang/MetaLanguage done
Event: 49.744 loading class org/jetbrains/kotlin/com/intellij/lang/Language
Event: 49.744 loading class org/jetbrains/kotlin/com/intellij/lang/Language done
Event: 49.745 loading class org/jetbrains/kotlin/com/intellij/openapi/extensions/impl/ExtensionProcessingHelper
Event: 49.745 loading class org/jetbrains/kotlin/com/intellij/openapi/extensions/impl/ExtensionProcessingHelper done
Event: 49.745 loading class org/jetbrains/kotlin/com/intellij/util/keyFMap/OneElementFMap
Event: 49.745 loading class org/jetbrains/kotlin/com/intellij/util/keyFMap/OneElementFMap done
Event: 49.898 loading class org/jetbrains/kotlin/idea/KotlinFileType
Event: 49.898 loading class org/jetbrains/kotlin/idea/KotlinFileType done


Dynamic libraries:
0x00007ff6be510000 - 0x00007ff6be51a000 	C:\Program Files\Android\Android Studio\jbr\bin\java.exe
0x00007ffe9bdd0000 - 0x00007ffe9bfc8000 	C:\Windows\SYSTEM32\ntdll.dll
0x00007ffe895c0000 - 0x00007ffe895d7000 	C:\Program Files\Avast Software\Avast\aswhook.dll
0x00007ffe9b7d0000 - 0x00007ffe9b88f000 	C:\Windows\System32\KERNEL32.DLL
0x00007ffe99780000 - 0x00007ffe99a52000 	C:\Windows\System32\KERNELBASE.dll
0x00007ffe99ae0000 - 0x00007ffe99be0000 	C:\Windows\System32\ucrtbase.dll
0x00007ffe8a8d0000 - 0x00007ffe8a8eb000 	C:\Program Files\Android\Android Studio\jbr\bin\VCRUNTIME140.dll
0x00007ffe91bf0000 - 0x00007ffe91c07000 	C:\Program Files\Android\Android Studio\jbr\bin\jli.dll
0x00007ffe9a3c0000 - 0x00007ffe9a561000 	C:\Windows\System32\USER32.dll
0x00007ffe99d40000 - 0x00007ffe99d62000 	C:\Windows\System32\win32u.dll
0x00007ffe7f6f0000 - 0x00007ffe7f98a000 	C:\Windows\WinSxS\amd64_microsoft.windows.common-controls_6595b64144ccf1df_6.0.19041.1110_none_60b5254171f9507e\COMCTL32.dll
0x00007ffe9bc50000 - 0x00007ffe9bc7b000 	C:\Windows\System32\GDI32.dll
0x00007ffe9b350000 - 0x00007ffe9b3ee000 	C:\Windows\System32\msvcrt.dll
0x00007ffe994c0000 - 0x00007ffe995cf000 	C:\Windows\System32\gdi32full.dll
0x00007ffe99d70000 - 0x00007ffe99e0d000 	C:\Windows\System32\msvcp_win.dll
0x00007ffe9a2f0000 - 0x00007ffe9a322000 	C:\Windows\System32\IMM32.DLL
0x00007ffe569d0000 - 0x00007ffe56a5d000 	C:\Program Files\Android\Android Studio\jbr\bin\msvcp140.dll
0x00007ffe94030000 - 0x00007ffe9403c000 	C:\Windows\SYSTEM32\VCRUNTIME140_1.dll
0x00007ffe69310000 - 0x00007ffe69ecc000 	C:\Program Files\Android\Android Studio\jbr\bin\server\jvm.dll
0x00007ffe9bc80000 - 0x00007ffe9bd2e000 	C:\Windows\System32\ADVAPI32.dll
0x00007ffe9b5b0000 - 0x00007ffe9b64c000 	C:\Windows\System32\sechost.dll
0x00007ffe9b060000 - 0x00007ffe9b185000 	C:\Windows\System32\RPCRT4.dll
0x00007ffe9a6b0000 - 0x00007ffe9a6b8000 	C:\Windows\System32\PSAPI.DLL
0x00007ffe87770000 - 0x00007ffe87779000 	C:\Windows\SYSTEM32\WSOCK32.dll
0x00007ffe8a4c0000 - 0x00007ffe8a4ca000 	C:\Windows\SYSTEM32\VERSION.dll
0x00007ffe86860000 - 0x00007ffe86887000 	C:\Windows\SYSTEM32\WINMM.dll
0x00007ffe9b540000 - 0x00007ffe9b5ab000 	C:\Windows\System32\WS2_32.dll
0x00007ffe98050000 - 0x00007ffe98062000 	C:\Windows\SYSTEM32\kernel.appcore.dll
0x00007ffe969f0000 - 0x00007ffe96a00000 	C:\Program Files\Android\Android Studio\jbr\bin\verify.dll
0x00007ffe97a20000 - 0x00007ffe97c04000 	C:\Windows\SYSTEM32\DBGHELP.DLL
0x00007ffe89d80000 - 0x00007ffe89db5000 	C:\Windows\SYSTEM32\dbgcore.DLL
0x00007ffe99680000 - 0x00007ffe99702000 	C:\Windows\System32\bcryptPrimitives.dll
0x00007ffe92dd0000 - 0x00007ffe92df8000 	C:\Program Files\Android\Android Studio\jbr\bin\java.dll
0x00007ffe94c40000 - 0x00007ffe94c4a000 	C:\Program Files\Android\Android Studio\jbr\bin\jimage.dll
0x00007ffe94910000 - 0x00007ffe94928000 	C:\Program Files\Android\Android Studio\jbr\bin\zip.dll
0x00007ffe9a910000 - 0x00007ffe9b054000 	C:\Windows\System32\SHELL32.dll
0x00007ffe971b0000 - 0x00007ffe97942000 	C:\Windows\SYSTEM32\windows.storage.dll
0x00007ffe9b8f0000 - 0x00007ffe9bc45000 	C:\Windows\System32\combase.dll
0x00007ffe98e40000 - 0x00007ffe98e70000 	C:\Windows\SYSTEM32\Wldp.dll
0x00007ffe9b720000 - 0x00007ffe9b7cd000 	C:\Windows\System32\SHCORE.dll
0x00007ffe9b890000 - 0x00007ffe9b8e5000 	C:\Windows\System32\shlwapi.dll
0x00007ffe99400000 - 0x00007ffe9941f000 	C:\Windows\SYSTEM32\profapi.dll
0x00007ffe92270000 - 0x00007ffe92289000 	C:\Program Files\Android\Android Studio\jbr\bin\net.dll
0x00007ffe89af0000 - 0x00007ffe89bfc000 	C:\Windows\SYSTEM32\WINHTTP.dll
0x00007ffe98ba0000 - 0x00007ffe98c0a000 	C:\Windows\system32\mswsock.dll
0x00007ffe91ed0000 - 0x00007ffe91ee3000 	C:\Program Files\Android\Android Studio\jbr\bin\nio.dll

dbghelp: loaded successfully - version: 4.0.5 - missing functions: none
symbol engine: initialized successfully - sym options: 0x614 - pdb path: .;C:\Program Files\Android\Android Studio\jbr\bin;C:\Windows\SYSTEM32;C:\Program Files\Avast Software\Avast;C:\Windows\WinSxS\amd64_microsoft.windows.common-controls_6595b64144ccf1df_6.0.19041.1110_none_60b5254171f9507e;C:\Program Files\Android\Android Studio\jbr\bin\server

VM Arguments:
java_command: org.jetbrains.kotlin.cli.jvm.K2JVMCompiler @C:\Users\DELL\AndroidStudioProjects\ProyectoEscolar\app\build\20230211_1550583599532802891.compiler.options
java_class_path (initial): C:\Users\DELL\.gradle\caches\modules-2\files-2.1\org.jetbrains.kotlin\kotlin-compiler-embeddable\1.7.21\a36688d6a38ea94ac3fce84e198ea2cb6c6a8e88\kotlin-compiler-embeddable-1.7.21.jar;C:\Users\DELL\.gradle\caches\modules-2\files-2.1\org.jetbrains.kotlin\kotlin-reflect\1.7.21\ad6d09bc4db0eab1069112eea8ebea0be7be44f\kotlin-reflect-1.7.21.jar;C:\Users\DELL\.gradle\caches\modules-2\files-2.1\org.jetbrains.kotlin\kotlin-stdlib\1.7.21\1a2eaf898a0dda83037034b10a42053cf8a7caf8\kotlin-stdlib-1.7.21.jar;C:\Users\DELL\.gradle\caches\modules-2\files-2.1\org.jetbrains.kotlin\kotlin-script-runtime\1.7.21\b06d5c58297dccce2a0f69b0636804b0a73b3b9\kotlin-script-runtime-1.7.21.jar;C:\Users\DELL\.gradle\caches\modules-2\files-2.1\org.jetbrains.kotlin\kotlin-daemon-embeddable\1.7.21\b94818f660cc50f5d39f04b6396ac38e4d3a9eb7\kotlin-daemon-embeddable-1.7.21.jar;C:\Users\DELL\.gradle\caches\modules-2\files-2.1\org.jetbrains.intellij.deps\trove4j\1.0.20200330\3afb14d5f9ceb459d724e907a21145e8ff394f02\trove4j-1.0.20200330.jar;C:\Users\DELL\.gradle\caches\modules-2\files-2.1\net.java.dev.jna\jna\5.6.0\330f2244e9030119ab3030fc3fededc86713d9cc\jna-5.6.0.jar;C:\Users\DELL\.gradle\caches\modules-2\files-2.1\org.jetbrains.kotlin\kotlin-stdlib-common\1.7.21\cb02257de8e13e8498f8e2f69f742f2d438e794d\kotlin-stdlib-common-1.7.21.jar;C:\Users\DELL\.gradle\caches\modules-2\files-2.1\org.jetbrains\annotations\13.0\919f0dfe192fb4e063e7dacadee7f8bb9a2672a9\annotations-13.0.jar
Launcher Type: SUN_STANDARD

[Global flags]
     intx CICompilerCount                          = 3                                         {product} {ergonomic}
     uint ConcGCThreads                            = 1                                         {product} {ergonomic}
     uint G1ConcRefinementThreads                  = 4                                         {product} {ergonomic}
   size_t G1HeapRegionSize                         = 1048576                                   {product} {ergonomic}
    uintx GCDrainStackTargetSize                   = 64                                        {product} {ergonomic}
   size_t InitialHeapSize                          = 134217728                                 {product} {ergonomic}
   size_t MarkStackSize                            = 4194304                                   {product} {ergonomic}
   size_t MaxHeapSize                              = 2118123520                                {product} {ergonomic}
   size_t MaxNewSize                               = 1270874112                                {product} {ergonomic}
   size_t MinHeapDeltaBytes                        = 1048576                                   {product} {ergonomic}
    uintx NonNMethodCodeHeapSize                   = 5830732                                {pd product} {ergonomic}
    uintx NonProfiledCodeHeapSize                  = 122913754                              {pd product} {ergonomic}
    uintx ProfiledCodeHeapSize                     = 122913754                              {pd product} {ergonomic}
    uintx ReservedCodeCacheSize                    = 251658240                              {pd product} {ergonomic}
     bool SegmentedCodeCache                       = true                                      {product} {ergonomic}
     bool UseCompressedClassPointers               = true                                 {lp64_product} {ergonomic}
     bool UseCompressedOops                        = true                                 {lp64_product} {ergonomic}
     bool UseG1GC                                  = true                                      {product} {ergonomic}
     bool UseLargePagesIndividualAllocation        = false                                  {pd product} {ergonomic}

Logging:
Log output configuration:
 #0: stdout all=warning uptime,level,tags
 #1: stderr all=off uptime,level,tags

Environment Variables:
PATH=C:\Windows\system32;C:\Windows;C:\Windows\System32\Wbem;C:\Windows\System32\WindowsPowerShell\v1.0\;C:\Windows\System32\OpenSSH\;C:\Program Files\MATLAB\R2021a\bin;C:\Program Files\Git\cmd;C:\Program Files\nodejs\;C:\Users\DELL\AppData\Local\Microsoft\WindowsApps;C:\Users\DELL\AppData\Local\Programs\Microsoft VS Code\bin;C:\Program Files (x86)\Brackets\;C:\Users\DELL\AppData\Roaming\npm;C:\MinGW\bin;C:\Program Files(x86)\Dev-Cpp\MinGW64\bin;;C:\Users\DELL\AppData\Local\JetBrains\Toolbox\scripts;C:\Program Files\JetBrains\IntelliJ IDEA Community Edition 2022.2.1\bin;
USERNAME=DELL
OS=Windows_NT
PROCESSOR_IDENTIFIER=Intel64 Family 6 Model 78 Stepping 3, GenuineIntel



---------------  S Y S T E M  ---------------

OS: Windows 10 , 64 bit Build 19041 (10.0.19041.2364)
OS uptime: 0 days 19:04 hours

CPU:total 4 (initial active 4) (2 cores per cpu, 2 threads per core) family 6 model 78 stepping 3 microcode 0xcc, cmov, cx8, fxsr, mmx, sse, sse2, sse3, ssse3, sse4.1, sse4.2, popcnt, avx, avx2, aes, clmul, erms, rtm, 3dnowpref, lzcnt, ht, tsc, tscinvbit, bmi1, bmi2, adx, fma

Memory: 4k page, system-wide physical 8074M (303M free)
TotalPageFile size 12074M (AvailPageFile size 1M)
current process WorkingSet (physical memory assigned to process): 156M, peak: 156M
current process commit charge ("private bytes"): 247M, peak: 248M

vm_info: OpenJDK 64-Bit Server VM (11.0.15+0-b2043.56-8887301) for windows-amd64 JRE (11.0.15+0-b2043.56-8887301), built on Jul 29 2022 23:19:47 by "builduser" with unknown MS VC++:1929

END.
